{
  "RSpec": {
    "coverage": {
      "/home/qi31/projects/robot/app/models/toy.rb": [
        1,
        1,
        1,
        1,
        null,
        1,
        1,
        1,
        null,
        1,
        1,
        null,
        1,
        34,
        null,
        null,
        1,
        6,
        1,
        null,
        5,
        null,
        null,
        null,
        1,
        8,
        null,
        1,
        1,
        null,
        1,
        1,
        null,
        2,
        2,
        null,
        2,
        2,
        null,
        null,
        8,
        null,
        null,
        1,
        5,
        null,
        null,
        1,
        7,
        null,
        null,
        1,
        1,
        1,
        null,
        null,
        1,
        5,
        null,
        null,
        1,
        32,
        null,
        null,
        1,
        0,
        null,
        null
      ],
      "/home/qi31/projects/robot/app/helpers/application_helper.rb": [
        1,
        null
      ],
      "/home/qi31/projects/robot/app/controllers/application_controller.rb": [
        0,
        null,
        null,
        0,
        0
      ],
      "/home/qi31/projects/robot/app/controllers/toys_controller.rb": [
        0,
        0,
        0,
        0,
        null,
        0,
        0,
        0,
        null,
        0,
        0,
        null,
        0,
        0,
        0,
        0,
        0,
        0,
        null,
        0,
        0,
        0,
        null,
        0,
        0,
        0,
        null,
        0,
        0,
        0,
        0,
        0,
        0,
        null,
        0,
        0,
        null,
        0,
        0,
        0,
        0,
        0
      ]
    },
    "timestamp": 1508664784
  }
}
